{
  "comments": [
    {
      "unresolved": false,
      "key": {
        "uuid": "c5a15747_22c9cbde",
        "filename": "/PATCHSET_LEVEL",
        "patchSetId": 4
      },
      "lineNbr": 0,
      "author": {
        "id": 1003224
      },
      "writtenOn": "2024-10-30T15:51:05Z",
      "side": 1,
      "message": "(the build error from libc++ hasn\u0027t gone away, so i\u0027ll ask on my team\u0027s chat, since we\u0027re the ones who own libc++ and i\u0027ve never seen that error before...)",
      "revId": "42cbb44015c7eb7e512c6e18d1b506d8a6a44d8d",
      "serverId": "85c56323-6fa9-3386-8a01-6480fb634889"
    },
    {
      "unresolved": true,
      "key": {
        "uuid": "f74b8f0f_22dc8ffe",
        "filename": "/PATCHSET_LEVEL",
        "patchSetId": 4
      },
      "lineNbr": 0,
      "author": {
        "id": 1003224
      },
      "writtenOn": "2024-10-30T15:53:17Z",
      "side": 1,
      "message": "oh, wait, the error is for mkbootfs.c (!), not the .cpp file...\n```\nIn file included from system/core/mkbootfs/mkbootfs.c:22:\nIn file included from system/libbase/include/android-base/file.h:22:\nIn file included from prebuilts/clang/host/linux-x86/clang-r530567/include/c++/v1/string:571:\nIn file included from prebuilts/clang/host/linux-x86/clang-r530567/include/c++/v1/__algorithm/max.h:12:\nIn file included from prebuilts/clang/host/linux-x86/clang-r530567/include/c++/v1/__algorithm/comp.h:13:\nprebuilts/clang/host/linux-x86/clang-r530567/include/c++/v1/__type_traits/integral_constant.h:18:1: error: unknown type name \u0027_LIBCPP_BEGIN_NAMESPACE_STD\u0027\n   18 | _LIBCPP_BEGIN_NAMESPACE_STD\n      | ^\nprebuilts/clang/host/linux-x86/clang-r530567/include/c++/v1/__type_traits/integral_constant.h:20:9: error: expected \u0027;\u0027 after top level declarator\n   20 | template \u003cclass _Tp, _Tp __v\u003e\n      |         ^\nprebuilts/clang/host/linux-x86/clang-r530567/include/c++/v1/__type_traits/integral_constant.h:31:1: error: unknown type name \u0027template\u0027\n   31 | template \u003cclass _Tp, _Tp __v\u003e\n      | ^\nprebuilts/clang/host/linux-x86/clang-r530567/include/c++/v1/__type_traits/integral_constant.h:31:10: error: expected identifier or \u0027(\u0027\n   31 | template \u003cclass _Tp, _Tp __v\u003e\n      |          ^\nprebuilts/clang/host/linux-x86/clang-r530567/include/c++/v1/__type_traits/integral_constant.h:34:9: error: unknown type name \u0027integral_constant\u0027\n   34 | typedef integral_constant\u003cbool, true\u003e true_type;\n      |         ^\nprebuilts/clang/host/linux-x86/clang-r530567/include/c++/v1/__type_traits/integral_constant.h:34:26: error: expected identifier or \u0027(\u0027\n   34 | typedef integral_constant\u003cbool, true\u003e true_type;\n      |                          ^\nprebuilts/clang/host/linux-x86/clang-r530567/include/c++/v1/__type_traits/integral_constant.h:35:9: error: unknown type name \u0027integral_constant\u0027\n   35 | typedef integral_constant\u003cbool, false\u003e false_type;\n      |         ^\nprebuilts/clang/host/linux-x86/clang-r530567/include/c++/v1/__type_traits/integral_constant.h:35:26: error: expected identifier or \u0027(\u0027\n   35 | typedef integral_constant\u003cbool, false\u003e false_type;\n      |                          ^\nprebuilts/clang/host/linux-x86/clang-r530567/include/c++/v1/__type_traits/integral_constant.h:37:1: error: unknown type name \u0027template\u0027\n   37 | template \u003cbool _Val\u003e\n      | ^\nprebuilts/clang/host/linux-x86/clang-r530567/include/c++/v1/__type_traits/integral_constant.h:37:10: error: expected identifier or \u0027(\u0027\n   37 | template \u003cbool _Val\u003e\n      |          ^\nprebuilts/clang/host/linux-x86/clang-r530567/include/c++/v1/__type_traits/integral_constant.h:45:1: error: unknown type name \u0027_LIBCPP_END_NAMESPACE_STD\u0027\n   45 | _LIBCPP_END_NAMESPACE_STD\n      | ^\nIn file included from system/core/mkbootfs/mkbootfs.c:22:\nIn file included from system/libbase/include/android-base/file.h:22:\nIn file included from prebuilts/clang/host/linux-x86/clang-r530567/include/c++/v1/string:571:\nIn file included from prebuilts/clang/host/linux-x86/clang-r530567/include/c++/v1/__algorithm/max.h:12:\nIn file included from prebuilts/clang/host/linux-x86/clang-r530567/include/c++/v1/__algorithm/comp.h:14:\nprebuilts/clang/host/linux-x86/clang-r530567/include/c++/v1/__type_traits/operation_traits.h:19:28: error: expected \u0027;\u0027 after top level declarator\n   19 | _LIBCPP_BEGIN_NAMESPACE_STD\n      |                            ^\nprebuilts/clang/host/linux-x86/clang-r530567/include/c++/v1/__type_traits/operation_traits.h:35:1: error: unknown type name \u0027template\u0027\n   35 | template \u003cclass _CanonicalTag, class _Operation, class... _Args\u003e\n      | ^\nprebuilts/clang/host/linux-x86/clang-r530567/include/c++/v1/__type_traits/operation_traits.h:35:10: error: expected identifier or \u0027(\u0027\n   35 | template \u003cclass _CanonicalTag, class _Operation, class... _Args\u003e\n      |          ^\nprebuilts/clang/host/linux-x86/clang-r530567/include/c++/v1/__type_traits/operation_traits.h:38:1: error: unknown type name \u0027_LIBCPP_END_NAMESPACE_STD\u0027\n   38 | _LIBCPP_END_NAMESPACE_STD\n      | ^\nIn file included from system/core/mkbootfs/mkbootfs.c:22:\nIn file included from system/libbase/include/android-base/file.h:22:\nIn file included from prebuilts/clang/host/linux-x86/clang-r530567/include/c++/v1/string:571:\nIn file included from prebuilts/clang/host/linux-x86/clang-r530567/include/c++/v1/__algorithm/max.h:12:\nprebuilts/clang/host/linux-x86/clang-r530567/include/c++/v1/__algorithm/comp.h:20:28: error: expected \u0027;\u0027 after top level declarator\n   20 | _LIBCPP_BEGIN_NAMESPACE_STD\n      |                            ^\nprebuilts/clang/host/linux-x86/clang-r530567/include/c++/v1/__algorithm/comp.h:23:3: error: unknown type name \u0027template\u0027\n   23 |   template \u003cclass _T1, class _T2\u003e\n      |   ^\nprebuilts/clang/host/linux-x86/clang-r530567/include/c++/v1/__algorithm/comp.h:23:12: error: expected member name or \u0027;\u0027 after declaration specifiers\n   23 |   template \u003cclass _T1, class _T2\u003e\n      |   ~~~~~~~~ ^\nprebuilts/clang/host/linux-x86/clang-r530567/include/c++/v1/__algorithm/comp.h:23:11: error: expected \u0027;\u0027 at end of declaration list\n   23 |   template \u003cclass _T1, class _T2\u003e\n      |           ^\nfatal error: too many errors emitted, stopping now [-ferror-limit\u003d]\n20 errors generated.\n```\nthat sounds like more of a ccross question, so +him...",
      "parentUuid": "c5a15747_22c9cbde",
      "revId": "42cbb44015c7eb7e512c6e18d1b506d8a6a44d8d",
      "serverId": "85c56323-6fa9-3386-8a01-6480fb634889"
    },
    {
      "unresolved": false,
      "key": {
        "uuid": "29be7aac_1c5a4820",
        "filename": "/PATCHSET_LEVEL",
        "patchSetId": 4
      },
      "lineNbr": 0,
      "author": {
        "id": 1003224
      },
      "writtenOn": "2024-10-30T18:03:38Z",
      "side": 1,
      "message": "talking to the team, it sounds like this is \"WAI\" --- treehugger doesn\u0027t guarantee it\u0027s building against ToT, so the last good build just wasn\u0027t new enough. \"try again until it goes away\".",
      "parentUuid": "f74b8f0f_22dc8ffe",
      "revId": "42cbb44015c7eb7e512c6e18d1b506d8a6a44d8d",
      "serverId": "85c56323-6fa9-3386-8a01-6480fb634889"
    }
  ]
}